<?xml version="1.0" encoding="UTF-8"?>
<!-- Generated by org.testng.reporters.JUnitReportReporter -->
<testsuite hostname="AZNEWCEMMFA18" failures="0" tests="4" name="api_tests.userTests" time="5.386" errors="0" timestamp="2024-12-05T06:49:27 UTC" skipped="0">
  <testcase classname="api_tests.userTests" name="testUser" time="3.833"/>
  <system-out/>
  <testcase classname="api_tests.userTests" name="testGetUserByName" time="0.413"/>
  <system-out/>
  <testcase classname="api_tests.userTests" name="testputUser" time="0.766"/>
  <system-out/>
  <testcase classname="api_tests.userTests" name="testdeletebyUser" time="0.374"/>
  <system-out/>
</testsuite> <!-- api_tests.userTests -->
