<?xml version="1.0" encoding="UTF-8"?>
<!-- Generated by org.testng.reporters.JUnitReportReporter -->
<testsuite hostname="AZNEWCEMMFA18" failures="0" tests="4" name="api_tests.userTests_forPropertyfile" time="5.226" errors="0" timestamp="2024-12-05T07:28:15 UTC" skipped="0">
  <testcase classname="api_tests.userTests_forPropertyfile" name="testUser" time="3.691"/>
  <system-out/>
  <testcase classname="api_tests.userTests_forPropertyfile" name="testGetUserByName" time="0.415"/>
  <system-out/>
  <testcase classname="api_tests.userTests_forPropertyfile" name="testputUser" time="0.748"/>
  <system-out/>
  <testcase classname="api_tests.userTests_forPropertyfile" name="testdeletebyUser" time="0.372"/>
  <system-out/>
</testsuite> <!-- api_tests.userTests_forPropertyfile -->
