<?xml version="1.0" encoding="UTF-8"?>
<!-- Generated by org.testng.reporters.JUnitReportReporter -->
<testsuite hostname="AZNEWCEMMFA18" failures="0" tests="4" name="api_tests.userTests" time="5.046" errors="0" timestamp="2024-12-05T08:33:42 UTC" skipped="0">
  <testcase classname="api_tests.userTests" name="testUser" time="3.456"/>
  <testcase classname="api_tests.userTests" name="testGetUserByName" time="0.440"/>
  <testcase classname="api_tests.userTests" name="testputUser" time="0.775"/>
  <testcase classname="api_tests.userTests" name="testdeletebyUser" time="0.375"/>
</testsuite> <!-- api_tests.userTests -->
